<?xml version="1.0" encoding="UTF-8"?>
<!-- Generated by org.testng.reporters.JUnitReportReporter -->
<testsuite hostname="neels" name="gitTest.FirstGitTest" tests="1" failures="0" timestamp="19 Oct 2019 06:38:24 GMT" time="21.951" errors="0">
  <testcase name="loginTest" time="21.951" classname="gitTest.FirstGitTest"/>
</testsuite> <!-- gitTest.FirstGitTest -->
